<?xml version="1.0" encoding="UTF-8" ?>
<testsuite tests="102" failures="1" name="testFaceBookHomeTabsVarifys.TestHomeTabsVarifys" time="22.097" errors="0" skipped="101">
  <properties>
    <property name="idea.version" value="2018.3.4"/>
    <property name="java.runtime.name" value="Java(TM) SE Runtime Environment"/>
    <property name="sun.boot.library.path" value="/Library/Java/JavaVirtualMachines/jdk1.8.0_73.jdk/Contents/Home/jre/lib"/>
    <property name="java.vm.version" value="25.73-b02"/>
    <property name="gopherProxySet" value="false"/>
    <property name="java.vm.vendor" value="Oracle Corporation"/>
    <property name="maven.multiModuleProjectDirectory" value="/Users/Saqib/Documents/IntelliJ Projects/Group2AutomationFramework"/>
    <property name="java.vendor.url" value="http://java.oracle.com/"/>
    <property name="path.separator" value=":"/>
    <property name="guice.disable.misplaced.annotation.check" value="true"/>
    <property name="java.vm.name" value="Java HotSpot(TM) 64-Bit Server VM"/>
    <property name="file.encoding.pkg" value="sun.io"/>
    <property name="user.country" value="US"/>
    <property name="sun.java.launcher" value="SUN_STANDARD"/>
    <property name="sun.os.patch.level" value="unknown"/>
    <property name="java.vm.specification.name" value="Java Virtual Machine Specification"/>
    <property name="user.dir" value="/Users/Saqib/Documents/IntelliJ Projects/Group2AutomationFramework"/>
    <property name="java.runtime.version" value="1.8.0_73-b02"/>
    <property name="java.awt.graphicsenv" value="sun.awt.CGraphicsEnvironment"/>
    <property name="java.endorsed.dirs" value="/Library/Java/JavaVirtualMachines/jdk1.8.0_73.jdk/Contents/Home/jre/lib/endorsed"/>
    <property name="os.arch" value="x86_64"/>
    <property name="java.io.tmpdir" value="/var/folders/x2/7d20k9ks6j76chkptfvkxk1r0000gn/T/"/>
    <property name="line.separator" value="
"/>
    <property name="java.vm.specification.vendor" value="Oracle Corporation"/>
    <property name="os.name" value="Mac OS X"/>
    <property name="classworlds.conf" value="/Applications/IntelliJ IDEA CE.app/Contents/plugins/maven/lib/maven3/bin/m2.conf"/>
    <property name="sun.jnu.encoding" value="UTF-8"/>
    <property name="java.library.path" value="/Users/Saqib/Library/Java/Extensions:/Library/Java/Extensions:/Network/Library/Java/Extensions:/System/Library/Java/Extensions:/usr/lib/java:."/>
    <property name="java.specification.name" value="Java Platform API Specification"/>
    <property name="java.class.version" value="52.0"/>
    <property name="sun.management.compiler" value="HotSpot 64-Bit Tiered Compilers"/>
    <property name="os.version" value="10.14.3"/>
    <property name="http.nonProxyHosts" value="local|*.local|169.254/16|*.169.254/16"/>
    <property name="user.home" value="/Users/Saqib"/>
    <property name="user.timezone" value="America/New_York"/>
    <property name="java.awt.printerjob" value="sun.lwawt.macosx.CPrinterJob"/>
    <property name="java.specification.version" value="1.8"/>
    <property name="file.encoding" value="UTF-8"/>
    <property name="user.name" value="Saqib"/>
    <property name="java.class.path" value="/Applications/IntelliJ IDEA CE.app/Contents/plugins/maven/lib/maven3/boot/plexus-classworlds-2.5.2.jar:/Applications/IntelliJ IDEA CE.app/Contents/lib/idea_rt.jar"/>
    <property name="java.vm.specification.version" value="1.8"/>
    <property name="sun.arch.data.model" value="64"/>
    <property name="java.home" value="/Library/Java/JavaVirtualMachines/jdk1.8.0_73.jdk/Contents/Home/jre"/>
    <property name="sun.java.command" value="org.codehaus.classworlds.Launcher -Didea.version=2018.3.4 test"/>
    <property name="java.specification.vendor" value="Oracle Corporation"/>
    <property name="user.language" value="en"/>
    <property name="awt.toolkit" value="sun.lwawt.macosx.LWCToolkit"/>
    <property name="java.vm.info" value="mixed mode"/>
    <property name="java.version" value="1.8.0_73"/>
    <property name="java.ext.dirs" value="/Users/Saqib/Library/Java/Extensions:/Library/Java/JavaVirtualMachines/jdk1.8.0_73.jdk/Contents/Home/jre/lib/ext:/Library/Java/Extensions:/Network/Library/Java/Extensions:/System/Library/Java/Extensions:/usr/lib/java"/>
    <property name="sun.boot.class.path" value="/Library/Java/JavaVirtualMachines/jdk1.8.0_73.jdk/Contents/Home/jre/lib/resources.jar:/Library/Java/JavaVirtualMachines/jdk1.8.0_73.jdk/Contents/Home/jre/lib/rt.jar:/Library/Java/JavaVirtualMachines/jdk1.8.0_73.jdk/Contents/Home/jre/lib/sunrsasign.jar:/Library/Java/JavaVirtualMachines/jdk1.8.0_73.jdk/Contents/Home/jre/lib/jsse.jar:/Library/Java/JavaVirtualMachines/jdk1.8.0_73.jdk/Contents/Home/jre/lib/jce.jar:/Library/Java/JavaVirtualMachines/jdk1.8.0_73.jdk/Contents/Home/jre/lib/charsets.jar:/Library/Java/JavaVirtualMachines/jdk1.8.0_73.jdk/Contents/Home/jre/lib/jfr.jar:/Library/Java/JavaVirtualMachines/jdk1.8.0_73.jdk/Contents/Home/jre/classes"/>
    <property name="java.vendor" value="Oracle Corporation"/>
    <property name="maven.home" value="/Applications/IntelliJ IDEA CE.app/Contents/plugins/maven/lib/maven3"/>
    <property name="file.separator" value="/"/>
    <property name="java.vendor.url.bug" value="http://bugreport.sun.com/bugreport/"/>
    <property name="sun.cpu.endian" value="little"/>
    <property name="sun.io.unicode.encoding" value="UnicodeBig"/>
    <property name="socksNonProxyHosts" value="local|*.local|169.254/16|*.169.254/16"/>
    <property name="ftp.nonProxyHosts" value="local|*.local|169.254/16|*.169.254/16"/>
    <property name="sun.cpu.isalist" value=""/>
  </properties>
  <testcase classname="testFaceBookHomeTabsVarifys.TestHomeTabsVarifys" name="initialization" time="5.653">
    <failure type="java.lang.NullPointerException">java.lang.NullPointerException
	at testFaceBookHomeTabsVarifys.TestHomeTabsVarifys.initialization(TestHomeTabsVarifys.java:17)
</failure>
    <system-out>Configuring TestNG with: org.apache.maven.surefire.testng.conf.TestNG652Configurator@1e81f4dc
Extent Report Directory/Users/Saqib/Documents/IntelliJ Projects/Group2AutomationFramework/FaceBook/target/surefire-reports/html
</system-out>
    <system-err>Mar 26, 2019 12:29:40 AM com.relevantcodes.extentreports.ExtentReports loadConfig
WARNING: Unable to perform report configuration. The file /Users/Saqib/Documents/IntelliJ Projects/Group2AutomationFramework/FaceBook/report-config.xml was not found.
</system-err>
  </testcase>
  <testcase classname="testFaceBookHomeTabsVarifys.TestHomeTabsVarifys" name="setUp" time="5.654">
    <skipped/>
  </testcase>
  <testcase classname="testFaceBookHomeTabsVarifys.TestHomeTabsVarifys" name="startExtent" time="5.654">
    <skipped/>
  </testcase>
  <testcase classname="testFaceBookHomeTabsVarifys.TestHomeTabsVarifys" name="testEventsTab" time="0">
    <skipped/>
  </testcase>
  <testcase classname="testFaceBookHomeTabsVarifys.TestHomeTabsVarifys" name="afterEachTestMethod" time="0.001">
    <skipped/>
  </testcase>
  <testcase classname="testFaceBookHomeTabsVarifys.TestHomeTabsVarifys" name="cleanUp" time="0.001">
    <skipped/>
  </testcase>
  <testcase classname="testFaceBookHomeTabsVarifys.TestHomeTabsVarifys" name="setUp" time="0.001">
    <skipped/>
  </testcase>
  <testcase classname="testFaceBookHomeTabsVarifys.TestHomeTabsVarifys" name="startExtent" time="0.001">
    <skipped/>
  </testcase>
  <testcase classname="testFaceBookHomeTabsVarifys.TestHomeTabsVarifys" name="testFilmTab" time="0">
    <skipped/>
  </testcase>
  <testcase classname="testFaceBookHomeTabsVarifys.TestHomeTabsVarifys" name="afterEachTestMethod" time="0">
    <skipped/>
  </testcase>
  <testcase classname="testFaceBookHomeTabsVarifys.TestHomeTabsVarifys" name="cleanUp" time="0">
    <skipped/>
  </testcase>
  <testcase classname="testFaceBookHomeTabsVarifys.TestHomeTabsVarifys" name="setUp" time="0.001">
    <skipped/>
  </testcase>
  <testcase classname="testFaceBookHomeTabsVarifys.TestHomeTabsVarifys" name="startExtent" time="0.001">
    <skipped/>
  </testcase>
  <testcase classname="testFaceBookHomeTabsVarifys.TestHomeTabsVarifys" name="testFindFriendTab" time="0">
    <skipped/>
  </testcase>
  <testcase classname="testFaceBookHomeTabsVarifys.TestHomeTabsVarifys" name="afterEachTestMethod" time="0">
    <skipped/>
  </testcase>
  <testcase classname="testFaceBookHomeTabsVarifys.TestHomeTabsVarifys" name="cleanUp" time="0">
    <skipped/>
  </testcase>
  <testcase classname="testFaceBookHomeTabsVarifys.TestHomeTabsVarifys" name="setUp" time="0">
    <skipped/>
  </testcase>
  <testcase classname="testFaceBookHomeTabsVarifys.TestHomeTabsVarifys" name="startExtent" time="0.001">
    <skipped/>
  </testcase>
  <testcase classname="testFaceBookHomeTabsVarifys.TestHomeTabsVarifys" name="testFriendListTab" time="0">
    <skipped/>
  </testcase>
  <testcase classname="testFaceBookHomeTabsVarifys.TestHomeTabsVarifys" name="afterEachTestMethod" time="0">
    <skipped/>
  </testcase>
  <testcase classname="testFaceBookHomeTabsVarifys.TestHomeTabsVarifys" name="cleanUp" time="0">
    <skipped/>
  </testcase>
  <testcase classname="testFaceBookHomeTabsVarifys.TestHomeTabsVarifys" name="setUp" time="0.001">
    <skipped/>
  </testcase>
  <testcase classname="testFaceBookHomeTabsVarifys.TestHomeTabsVarifys" name="startExtent" time="0.001">
    <skipped/>
  </testcase>
  <testcase classname="testFaceBookHomeTabsVarifys.TestHomeTabsVarifys" name="testFundRisers" time="0">
    <skipped/>
  </testcase>
  <testcase classname="testFaceBookHomeTabsVarifys.TestHomeTabsVarifys" name="afterEachTestMethod" time="0.001">
    <skipped/>
  </testcase>
  <testcase classname="testFaceBookHomeTabsVarifys.TestHomeTabsVarifys" name="cleanUp" time="0.001">
    <skipped/>
  </testcase>
  <testcase classname="testFaceBookHomeTabsVarifys.TestHomeTabsVarifys" name="setUp" time="0.001">
    <skipped/>
  </testcase>
  <testcase classname="testFaceBookHomeTabsVarifys.TestHomeTabsVarifys" name="startExtent" time="0.001">
    <skipped/>
  </testcase>
  <testcase classname="testFaceBookHomeTabsVarifys.TestHomeTabsVarifys" name="testGamesTab" time="0">
    <skipped/>
  </testcase>
  <testcase classname="testFaceBookHomeTabsVarifys.TestHomeTabsVarifys" name="afterEachTestMethod" time="0.002">
    <skipped/>
  </testcase>
  <testcase classname="testFaceBookHomeTabsVarifys.TestHomeTabsVarifys" name="cleanUp" time="0.002">
    <skipped/>
  </testcase>
  <testcase classname="testFaceBookHomeTabsVarifys.TestHomeTabsVarifys" name="setUp" time="0.002">
    <skipped/>
  </testcase>
  <testcase classname="testFaceBookHomeTabsVarifys.TestHomeTabsVarifys" name="startExtent" time="0.003">
    <skipped/>
  </testcase>
  <testcase classname="testFaceBookHomeTabsVarifys.TestHomeTabsVarifys" name="testGamingVideo" time="0">
    <skipped/>
  </testcase>
  <testcase classname="testFaceBookHomeTabsVarifys.TestHomeTabsVarifys" name="afterEachTestMethod" time="0.001">
    <skipped/>
  </testcase>
  <testcase classname="testFaceBookHomeTabsVarifys.TestHomeTabsVarifys" name="cleanUp" time="0.001">
    <skipped/>
  </testcase>
  <testcase classname="testFaceBookHomeTabsVarifys.TestHomeTabsVarifys" name="setUp" time="0.001">
    <skipped/>
  </testcase>
  <testcase classname="testFaceBookHomeTabsVarifys.TestHomeTabsVarifys" name="startExtent" time="0.001">
    <skipped/>
  </testcase>
  <testcase classname="testFaceBookHomeTabsVarifys.TestHomeTabsVarifys" name="testGroupTab" time="0.001">
    <skipped/>
  </testcase>
  <testcase classname="testFaceBookHomeTabsVarifys.TestHomeTabsVarifys" name="afterEachTestMethod" time="0.006">
    <skipped/>
  </testcase>
  <testcase classname="testFaceBookHomeTabsVarifys.TestHomeTabsVarifys" name="cleanUp" time="0.006">
    <skipped/>
  </testcase>
  <testcase classname="testFaceBookHomeTabsVarifys.TestHomeTabsVarifys" name="setUp" time="0.006">
    <skipped/>
  </testcase>
  <testcase classname="testFaceBookHomeTabsVarifys.TestHomeTabsVarifys" name="startExtent" time="0.006">
    <skipped/>
  </testcase>
  <testcase classname="testFaceBookHomeTabsVarifys.TestHomeTabsVarifys" name="testJobTab" time="0">
    <skipped/>
  </testcase>
  <testcase classname="testFaceBookHomeTabsVarifys.TestHomeTabsVarifys" name="afterEachTestMethod" time="0">
    <skipped/>
  </testcase>
  <testcase classname="testFaceBookHomeTabsVarifys.TestHomeTabsVarifys" name="cleanUp" time="0">
    <skipped/>
  </testcase>
  <testcase classname="testFaceBookHomeTabsVarifys.TestHomeTabsVarifys" name="setUp" time="0">
    <skipped/>
  </testcase>
  <testcase classname="testFaceBookHomeTabsVarifys.TestHomeTabsVarifys" name="startExtent" time="0">
    <skipped/>
  </testcase>
  <testcase classname="testFaceBookHomeTabsVarifys.TestHomeTabsVarifys" name="testMemoriesTab" time="0">
    <skipped/>
  </testcase>
  <testcase classname="testFaceBookHomeTabsVarifys.TestHomeTabsVarifys" name="afterEachTestMethod" time="0">
    <skipped/>
  </testcase>
  <testcase classname="testFaceBookHomeTabsVarifys.TestHomeTabsVarifys" name="cleanUp" time="0">
    <skipped/>
  </testcase>
  <testcase classname="testFaceBookHomeTabsVarifys.TestHomeTabsVarifys" name="setUp" time="0">
    <skipped/>
  </testcase>
  <testcase classname="testFaceBookHomeTabsVarifys.TestHomeTabsVarifys" name="startExtent" time="0">
    <skipped/>
  </testcase>
  <testcase classname="testFaceBookHomeTabsVarifys.TestHomeTabsVarifys" name="testMessegerKidsTab" time="0">
    <skipped/>
  </testcase>
  <testcase classname="testFaceBookHomeTabsVarifys.TestHomeTabsVarifys" name="afterEachTestMethod" time="0">
    <skipped/>
  </testcase>
  <testcase classname="testFaceBookHomeTabsVarifys.TestHomeTabsVarifys" name="cleanUp" time="0">
    <skipped/>
  </testcase>
  <testcase classname="testFaceBookHomeTabsVarifys.TestHomeTabsVarifys" name="setUp" time="0.005">
    <skipped/>
  </testcase>
  <testcase classname="testFaceBookHomeTabsVarifys.TestHomeTabsVarifys" name="startExtent" time="0.005">
    <skipped/>
  </testcase>
  <testcase classname="testFaceBookHomeTabsVarifys.TestHomeTabsVarifys" name="testOfferTab" time="0">
    <skipped/>
  </testcase>
  <testcase classname="testFaceBookHomeTabsVarifys.TestHomeTabsVarifys" name="afterEachTestMethod" time="0">
    <skipped/>
  </testcase>
  <testcase classname="testFaceBookHomeTabsVarifys.TestHomeTabsVarifys" name="cleanUp" time="0">
    <skipped/>
  </testcase>
  <testcase classname="testFaceBookHomeTabsVarifys.TestHomeTabsVarifys" name="setUp" time="0">
    <skipped/>
  </testcase>
  <testcase classname="testFaceBookHomeTabsVarifys.TestHomeTabsVarifys" name="startExtent" time="0">
    <skipped/>
  </testcase>
  <testcase classname="testFaceBookHomeTabsVarifys.TestHomeTabsVarifys" name="testRecomendationTab" time="0">
    <skipped/>
  </testcase>
  <testcase classname="testFaceBookHomeTabsVarifys.TestHomeTabsVarifys" name="afterEachTestMethod" time="0">
    <skipped/>
  </testcase>
  <testcase classname="testFaceBookHomeTabsVarifys.TestHomeTabsVarifys" name="cleanUp" time="0">
    <skipped/>
  </testcase>
  <testcase classname="testFaceBookHomeTabsVarifys.TestHomeTabsVarifys" name="setUp" time="0">
    <skipped/>
  </testcase>
  <testcase classname="testFaceBookHomeTabsVarifys.TestHomeTabsVarifys" name="startExtent" time="0">
    <skipped/>
  </testcase>
  <testcase classname="testFaceBookHomeTabsVarifys.TestHomeTabsVarifys" name="testSetMessengerTab" time="0">
    <skipped/>
  </testcase>
  <testcase classname="testFaceBookHomeTabsVarifys.TestHomeTabsVarifys" name="afterEachTestMethod" time="0">
    <skipped/>
  </testcase>
  <testcase classname="testFaceBookHomeTabsVarifys.TestHomeTabsVarifys" name="cleanUp" time="0">
    <skipped/>
  </testcase>
  <testcase classname="testFaceBookHomeTabsVarifys.TestHomeTabsVarifys" name="setUp" time="0.001">
    <skipped/>
  </testcase>
  <testcase classname="testFaceBookHomeTabsVarifys.TestHomeTabsVarifys" name="startExtent" time="0.001">
    <skipped/>
  </testcase>
  <testcase classname="testFaceBookHomeTabsVarifys.TestHomeTabsVarifys" name="testSetNewsFeed" time="0">
    <skipped/>
  </testcase>
  <testcase classname="testFaceBookHomeTabsVarifys.TestHomeTabsVarifys" name="afterEachTestMethod" time="0">
    <skipped/>
  </testcase>
  <testcase classname="testFaceBookHomeTabsVarifys.TestHomeTabsVarifys" name="cleanUp" time="0">
    <skipped/>
  </testcase>
  <testcase classname="testFaceBookHomeTabsVarifys.TestHomeTabsVarifys" name="setUp" time="0">
    <skipped/>
  </testcase>
  <testcase classname="testFaceBookHomeTabsVarifys.TestHomeTabsVarifys" name="startExtent" time="0">
    <skipped/>
  </testcase>
  <testcase classname="testFaceBookHomeTabsVarifys.TestHomeTabsVarifys" name="testSetPagesTab" time="0.001">
    <skipped/>
  </testcase>
  <testcase classname="testFaceBookHomeTabsVarifys.TestHomeTabsVarifys" name="afterEachTestMethod" time="0.001">
    <skipped/>
  </testcase>
  <testcase classname="testFaceBookHomeTabsVarifys.TestHomeTabsVarifys" name="cleanUp" time="0.001">
    <skipped/>
  </testcase>
  <testcase classname="testFaceBookHomeTabsVarifys.TestHomeTabsVarifys" name="setUp" time="0.001">
    <skipped/>
  </testcase>
  <testcase classname="testFaceBookHomeTabsVarifys.TestHomeTabsVarifys" name="startExtent" time="0.001">
    <skipped/>
  </testcase>
  <testcase classname="testFaceBookHomeTabsVarifys.TestHomeTabsVarifys" name="testSetWatchTab" time="0">
    <skipped/>
  </testcase>
  <testcase classname="testFaceBookHomeTabsVarifys.TestHomeTabsVarifys" name="afterEachTestMethod" time="0.002">
    <skipped/>
  </testcase>
  <testcase classname="testFaceBookHomeTabsVarifys.TestHomeTabsVarifys" name="cleanUp" time="0.002">
    <skipped/>
  </testcase>
  <testcase classname="testFaceBookHomeTabsVarifys.TestHomeTabsVarifys" name="setUp" time="0.004">
    <skipped/>
  </testcase>
  <testcase classname="testFaceBookHomeTabsVarifys.TestHomeTabsVarifys" name="startExtent" time="0.004">
    <skipped/>
  </testcase>
  <testcase classname="testFaceBookHomeTabsVarifys.TestHomeTabsVarifys" name="testSetWellcomeTab" time="0">
    <skipped/>
  </testcase>
  <testcase classname="testFaceBookHomeTabsVarifys.TestHomeTabsVarifys" name="afterEachTestMethod" time="0.001">
    <skipped/>
  </testcase>
  <testcase classname="testFaceBookHomeTabsVarifys.TestHomeTabsVarifys" name="cleanUp" time="0.001">
    <skipped/>
  </testcase>
  <testcase classname="testFaceBookHomeTabsVarifys.TestHomeTabsVarifys" name="setUp" time="0.001">
    <skipped/>
  </testcase>
  <testcase classname="testFaceBookHomeTabsVarifys.TestHomeTabsVarifys" name="startExtent" time="0.001">
    <skipped/>
  </testcase>
  <testcase classname="testFaceBookHomeTabsVarifys.TestHomeTabsVarifys" name="testTownHallTab" time="0">
    <skipped/>
  </testcase>
  <testcase classname="testFaceBookHomeTabsVarifys.TestHomeTabsVarifys" name="afterEachTestMethod" time="0">
    <skipped/>
  </testcase>
  <testcase classname="testFaceBookHomeTabsVarifys.TestHomeTabsVarifys" name="cleanUp" time="0">
    <skipped/>
  </testcase>
  <testcase classname="testFaceBookHomeTabsVarifys.TestHomeTabsVarifys" name="setUp" time="0">
    <skipped/>
  </testcase>
  <testcase classname="testFaceBookHomeTabsVarifys.TestHomeTabsVarifys" name="startExtent" time="0">
    <skipped/>
  </testcase>
  <testcase classname="testFaceBookHomeTabsVarifys.TestHomeTabsVarifys" name="testWeatherTab" time="0.001">
    <skipped/>
  </testcase>
  <testcase classname="testFaceBookHomeTabsVarifys.TestHomeTabsVarifys" name="afterEachTestMethod" time="0.001">
    <skipped/>
  </testcase>
  <testcase classname="testFaceBookHomeTabsVarifys.TestHomeTabsVarifys" name="cleanUp" time="0.002">
    <skipped/>
  </testcase>
  <testcase classname="testFaceBookHomeTabsVarifys.TestHomeTabsVarifys" name="generateReport" time="5.048">
    <skipped/>
  </testcase>
</testsuite>