<?xml version="1.0" encoding="UTF-8"?>
<!-- Generated by org.testng.reporters.JUnitReportReporter -->
<testsuite hostname="Saqibs-MacBook-Pro.local" name="BoAHomeTest" tests="7" failures="0" timestamp="26 Mar 2019 20:11:18 GMT" time="26.033" errors="0">
  <testcase name="testOnlineId" time="3.920" classname="BoAHomeTest"/>
  <testcase name="testOnlineIDPlaceHolder" time="3.104" classname="BoAHomeTest"/>
  <testcase name="testBoAHomeTitle" time="3.596" classname="BoAHomeTest"/>
  <testcase name="testPasscode" time="3.142" classname="BoAHomeTest"/>
  <testcase name="testBoALogo" time="3.459" classname="BoAHomeTest"/>
  <testcase name="testSignInMessageNoPasscode" time="4.042" classname="BoAHomeTest"/>
  <testcase name="testSignInMessageNoOnlineId" time="4.770" classname="BoAHomeTest"/>
</testsuite> <!-- BoAHomeTest -->
